[      57ms] [WARNING] Error with Permissions-Policy header: Unrecognized feature: 'web-share'. @ :0
[     311ms] [WARNING] %cdsfr : HeaderLinks # -  header__tools-links content is different from header__menu-links content.
As you're using a dynamic framework, you should handle duplication of this content yourself, please refer to documentation:
https://www.systeme-de-design.gouv.fr/elements-d-interface/composants/en-tete  font-family:Marianne;line-height: 1.5;color:#ba4500 @ https://egapro-install-local-keycloak.ovh.fabrique.social.gouv.fr/_next/static/chunks/4603-1576f97d09fb07eb.js:15
[   18251ms] [ERROR] Sentry Logger [error]: Error while sending envelope: TypeError: Failed to fetch
    at https://egapro-install-local-keycloak.ovh.fabrique.social.gouv.fr/_next/static/chunks/4603-1576f97d09fb07eb.js:16:19348
    at https://egapro-install-local-keycloak.ovh.fabrique.social.gouv.fr/_next/static/chunks/4603-1576f97d09fb07eb.js:16:18700
    at Object.add (https://egapro-install-local-keycloak.ovh.fabrique.social.gouv.fr/_next/static/chunks/4603-1576f97d09fb07eb.js:16:18062)
    at Object.send (https://egapro-install-local-keycloak.ovh.fabrique.social.gouv.fr/_next/static/chunks/4603-1576f97d09fb07eb.js:16:18692)
    at eo.sendEnvelope (https://egapro-install-local-keycloak.ovh.fabrique.social.gouv.fr/_next/static/chunks/4603-1576f97d09fb07eb.js:15:6159)
    at https://egapro-install-local-keycloak.ovh.fabrique.social.gouv.fr/_next/static/chunks/4603-1576f97d09fb07eb.js:16:22990
    at td._onSpanEnded (https://egapro-install-local-keycloak.ovh.fabrique.social.gouv.fr/_next/static/chunks/4603-1576f97d09fb07eb.js:16:23006)
    at td.end (https://egapro-install-local-keycloak.ovh.fabrique.social.gouv.fr/_next/static/chunks/4603-1576f97d09fb07eb.js:16:21822)
    at https://egapro-install-local-keycloak.ovh.fabrique.social.gouv.fr/_next/static/chunks/4603-1576f97d09fb07eb.js:17:10774
    at eo (https://egapro-install-local-keycloak.ovh.fabrique.social.gouv.fr/_next/static/chunks/4603-1576f97d09fb07eb.js:17:42663)
    at https://egapro-install-local-keycloak.ovh.fabrique.social.gouv.fr/_next/static/chunks/4603-1576f97d09fb07eb.js:20:301
    at https://egapro-install-local-keycloak.ovh.fabrique.social.gouv.fr/_next/static/chunks/4603-1576f97d09fb07eb.js:17:38105
    at https://egapro-install-local-keycloak.ovh.fabrique.social.gouv.fr/_next/static/chunks/4603-1576f97d09fb07eb.js:17:41407
    at t (https://egapro-install-local-keycloak.ovh.fabrique.social.gouv.fr/_next/static/chunks/4603-1576f97d09fb07eb.js:20:1760) @ https://egapro-install-local-keycloak.ovh.fabrique.social.gouv.fr/_next/static/chunks/4603-1576f97d09fb07eb.js:6
[   18253ms] [WARNING] Error with Permissions-Policy header: Unrecognized feature: 'web-share'. @ :0
[   18339ms] [WARNING] %cdsfr : HeaderLinks # -  header__tools-links content is different from header__menu-links content.
As you're using a dynamic framework, you should handle duplication of this content yourself, please refer to documentation:
https://www.systeme-de-design.gouv.fr/elements-d-interface/composants/en-tete  font-family:Marianne;line-height: 1.5;color:#ba4500 @ https://egapro-install-local-keycloak.ovh.fabrique.social.gouv.fr/_next/static/chunks/4603-1576f97d09fb07eb.js:15
